1132

1132
1132
1132
1132
1132
1132
1132
1132
1132
1132
1132
1132
1132
1132
1132
1132
1132
1132
1132
1132
1132
1132
1132
1132
1132
1132
1132
1132
1132
1132
1132
1132
1132
1132
1132
1132
1132
1132
1132
1132
1132
:: Stopping KDE Desktop Manager    [BUSY]    [DONE] 
1001 985
1001 985
1001 985
1001 985
1001 985
1001 985
1001 985
1001 985
1001 985
985
:: Starting KDE Desktop Manager    [BUSY]    [DONE] 
14255

14255
14255
14255
14255
14255
14255
14255
14255
14255
14255
14255
14255
:: Stopping KDE Desktop Manager    [BUSY]    [DONE] 
14183
14183
14183
14183
14183
14183
:: Starting KDE Desktop Manager    [BUSY]    [DONE] 
